<?xml version="1.0" encoding="UTF-8"?>
<coverage generated="1782826997620" clover="3.2.0">
  <project timestamp="1782826997620" name="All files">
    <metrics statements="34" coveredstatements="34" conditionals="7" coveredconditionals="5" methods="12" coveredmethods="12" elements="53" coveredelements="51" complexity="0" loc="34" ncloc="34" packages="1" files="2" classes="2"/>
    <file name="app.js" path="/home/kali/pulsechat-app/services/presence/src/app.js">
      <metrics statements="16" coveredstatements="16" conditionals="0" coveredconditionals="0" methods="5" coveredmethods="5"/>
      <line num="3" count="1" type="stmt"/>
      <line num="6" count="4" type="stmt"/>
      <line num="7" count="4" type="stmt"/>
      <line num="9" count="4" type="stmt"/>
      <line num="10" count="1" type="stmt"/>
      <line num="13" count="4" type="stmt"/>
      <line num="14" count="1" type="stmt"/>
      <line num="15" count="1" type="stmt"/>
      <line num="16" count="1" type="stmt"/>
      <line num="24" count="4" type="stmt"/>
      <line num="25" count="1" type="stmt"/>
      <line num="29" count="4" type="stmt"/>
      <line num="30" count="1" type="stmt"/>
      <line num="31" count="1" type="stmt"/>
      <line num="34" count="4" type="stmt"/>
      <line num="37" count="1" type="stmt"/>
    </file>
    <file name="store.js" path="/home/kali/pulsechat-app/services/presence/src/store.js">
      <metrics statements="18" coveredstatements="18" conditionals="7" coveredconditionals="5" methods="7" coveredmethods="7"/>
      <line num="3" count="1" type="stmt"/>
      <line num="10" count="9" type="cond" truecount="1" falsecount="0"/>
      <line num="11" count="10" type="stmt"/>
      <line num="12" count="10" type="stmt"/>
      <line num="16" count="9" type="stmt"/>
      <line num="20" count="1" type="stmt"/>
      <line num="24" count="6" type="stmt"/>
      <line num="25" count="6" type="cond" truecount="2" falsecount="0"/>
      <line num="26" count="4" type="stmt"/>
      <line num="30" count="3" type="stmt"/>
      <line num="31" count="3" type="stmt"/>
      <line num="32" count="4" type="cond" truecount="1" falsecount="1"/>
      <line num="33" count="4" type="stmt"/>
      <line num="36" count="3" type="stmt"/>
      <line num="40" count="1" type="stmt"/>
      <line num="41" count="1" type="cond" truecount="1" falsecount="1"/>
      <line num="42" count="1" type="stmt"/>
      <line num="48" count="1" type="stmt"/>
    </file>
  </project>
</coverage>
