{"/home/kali/pulsechat-app/services/presence/src/app.js": {"path":"/home/kali/pulsechat-app/services/presence/src/app.js","statementMap":{"0":{"start":{"line":3,"column":16},"end":{"line":3,"column":34}},"1":{"start":{"line":6,"column":14},"end":{"line":6,"column":23}},"2":{"start":{"line":7,"column":2},"end":{"line":7,"column":26}},"3":{"start":{"line":9,"column":2},"end":{"line":11,"column":5}},"4":{"start":{"line":10,"column":4},"end":{"line":10,"column":57}},"5":{"start":{"line":13,"column":2},"end":{"line":21,"column":5}},"6":{"start":{"line":14,"column":19},"end":{"line":14,"column":41}},"7":{"start":{"line":15,"column":4},"end":{"line":15,"column":42}},"8":{"start":{"line":16,"column":4},"end":{"line":20,"column":6}},"9":{"start":{"line":24,"column":2},"end":{"line":26,"column":5}},"10":{"start":{"line":25,"column":4},"end":{"line":25,"column":37}},"11":{"start":{"line":29,"column":2},"end":{"line":32,"column":5}},"12":{"start":{"line":30,"column":19},"end":{"line":30,"column":50}},"13":{"start":{"line":31,"column":4},"end":{"line":31,"column":57}},"14":{"start":{"line":34,"column":2},"end":{"line":34,"column":13}},"15":{"start":{"line":37,"column":0},"end":{"line":37,"column":31}}},"fnMap":{"0":{"name":"createApp","decl":{"start":{"line":5,"column":9},"end":{"line":5,"column":18}},"loc":{"start":{"line":5,"column":26},"end":{"line":35,"column":1}},"line":5},"1":{"name":"(anonymous_1)","decl":{"start":{"line":9,"column":21},"end":{"line":9,"column":22}},"loc":{"start":{"line":9,"column":35},"end":{"line":11,"column":3}},"line":9},"2":{"name":"(anonymous_2)","decl":{"start":{"line":13,"column":22},"end":{"line":13,"column":23}},"loc":{"start":{"line":13,"column":36},"end":{"line":21,"column":3}},"line":13},"3":{"name":"(anonymous_3)","decl":{"start":{"line":24,"column":23},"end":{"line":24,"column":24}},"loc":{"start":{"line":24,"column":37},"end":{"line":26,"column":3}},"line":24},"4":{"name":"(anonymous_4)","decl":{"start":{"line":29,"column":31},"end":{"line":29,"column":32}},"loc":{"start":{"line":29,"column":45},"end":{"line":32,"column":3}},"line":29}},"branchMap":{},"s":{"0":1,"1":4,"2":4,"3":4,"4":1,"5":4,"6":1,"7":1,"8":1,"9":4,"10":1,"11":4,"12":1,"13":1,"14":4,"15":1},"f":{"0":4,"1":1,"2":1,"3":1,"4":1},"b":{},"_coverageSchema":"1a1c01bbd47fc00a2c39e90264f33305004495a9","hash":"8503ce92258e42d9122c6679ad460372206aa7f5"}
,"/home/kali/pulsechat-app/services/presence/src/store.js": {"path":"/home/kali/pulsechat-app/services/presence/src/store.js","statementMap":{"0":{"start":{"line":3,"column":22},"end":{"line":3,"column":28}},"1":{"start":{"line":10,"column":26},"end":{"line":10,"column":36}},"2":{"start":{"line":11,"column":4},"end":{"line":11,"column":27}},"3":{"start":{"line":12,"column":4},"end":{"line":12,"column":19}},"4":{"start":{"line":16,"column":4},"end":{"line":16,"column":63}},"5":{"start":{"line":20,"column":4},"end":{"line":20,"column":30}},"6":{"start":{"line":24,"column":18},"end":{"line":24,"column":40}},"7":{"start":{"line":25,"column":4},"end":{"line":25,"column":29}},"8":{"start":{"line":25,"column":16},"end":{"line":25,"column":29}},"9":{"start":{"line":26,"column":4},"end":{"line":26,"column":55}},"10":{"start":{"line":30,"column":19},"end":{"line":30,"column":21}},"11":{"start":{"line":31,"column":4},"end":{"line":35,"column":5}},"12":{"start":{"line":32,"column":6},"end":{"line":34,"column":7}},"13":{"start":{"line":33,"column":8},"end":{"line":33,"column":58}},"14":{"start":{"line":36,"column":4},"end":{"line":36,"column":18}},"15":{"start":{"line":40,"column":4},"end":{"line":44,"column":5}},"16":{"start":{"line":41,"column":6},"end":{"line":43,"column":7}},"17":{"start":{"line":42,"column":8},"end":{"line":42,"column":34}},"18":{"start":{"line":48,"column":0},"end":{"line":48,"column":50}}},"fnMap":{"0":{"name":"(anonymous_0)","decl":{"start":{"line":10,"column":2},"end":{"line":10,"column":3}},"loc":{"start":{"line":10,"column":38},"end":{"line":13,"column":3}},"line":10},"1":{"name":"(anonymous_1)","decl":{"start":{"line":10,"column":20},"end":{"line":10,"column":21}},"loc":{"start":{"line":10,"column":26},"end":{"line":10,"column":36}},"line":10},"2":{"name":"(anonymous_2)","decl":{"start":{"line":15,"column":2},"end":{"line":15,"column":3}},"loc":{"start":{"line":15,"column":31},"end":{"line":17,"column":3}},"line":15},"3":{"name":"(anonymous_3)","decl":{"start":{"line":19,"column":2},"end":{"line":19,"column":3}},"loc":{"start":{"line":19,"column":22},"end":{"line":21,"column":3}},"line":19},"4":{"name":"(anonymous_4)","decl":{"start":{"line":23,"column":2},"end":{"line":23,"column":3}},"loc":{"start":{"line":23,"column":19},"end":{"line":27,"column":3}},"line":23},"5":{"name":"(anonymous_5)","decl":{"start":{"line":29,"column":2},"end":{"line":29,"column":3}},"loc":{"start":{"line":29,"column":19},"end":{"line":37,"column":3}},"line":29},"6":{"name":"(anonymous_6)","decl":{"start":{"line":39,"column":2},"end":{"line":39,"column":3}},"loc":{"start":{"line":39,"column":15},"end":{"line":45,"column":3}},"line":39}},"branchMap":{"0":{"loc":{"start":{"line":10,"column":14},"end":{"line":10,"column":36}},"type":"default-arg","locations":[{"start":{"line":10,"column":20},"end":{"line":10,"column":36}}],"line":10},"1":{"loc":{"start":{"line":25,"column":4},"end":{"line":25,"column":29}},"type":"if","locations":[{"start":{"line":25,"column":4},"end":{"line":25,"column":29}},{"start":{},"end":{}}],"line":25},"2":{"loc":{"start":{"line":32,"column":6},"end":{"line":34,"column":7}},"type":"if","locations":[{"start":{"line":32,"column":6},"end":{"line":34,"column":7}},{"start":{},"end":{}}],"line":32},"3":{"loc":{"start":{"line":41,"column":6},"end":{"line":43,"column":7}},"type":"if","locations":[{"start":{"line":41,"column":6},"end":{"line":43,"column":7}},{"start":{},"end":{}}],"line":41}},"s":{"0":1,"1":9,"2":10,"3":10,"4":9,"5":1,"6":6,"7":6,"8":2,"9":4,"10":3,"11":3,"12":4,"13":4,"14":3,"15":1,"16":1,"17":1,"18":1},"f":{"0":10,"1":9,"2":9,"3":1,"4":6,"5":3,"6":1},"b":{"0":[7],"1":[2,4],"2":[4,0],"3":[1,0]},"_coverageSchema":"1a1c01bbd47fc00a2c39e90264f33305004495a9","hash":"0b1cae3d030a72042b4d53bb85a7e7a1724ca507"}
}
