TN:
SF:src/app.js
FN:5,createApp
FN:9,(anonymous_1)
FN:13,(anonymous_2)
FN:24,(anonymous_3)
FN:29,(anonymous_4)
FNF:5
FNH:5
FNDA:4,createApp
FNDA:1,(anonymous_1)
FNDA:1,(anonymous_2)
FNDA:1,(anonymous_3)
FNDA:1,(anonymous_4)
DA:3,1
DA:6,4
DA:7,4
DA:9,4
DA:10,1
DA:13,4
DA:14,1
DA:15,1
DA:16,1
DA:24,4
DA:25,1
DA:29,4
DA:30,1
DA:31,1
DA:34,4
DA:37,1
LF:16
LH:16
BRF:0
BRH:0
end_of_record
TN:
SF:src/store.js
FN:10,(anonymous_0)
FN:10,(anonymous_1)
FN:15,(anonymous_2)
FN:19,(anonymous_3)
FN:23,(anonymous_4)
FN:29,(anonymous_5)
FN:39,(anonymous_6)
FNF:7
FNH:7
FNDA:10,(anonymous_0)
FNDA:9,(anonymous_1)
FNDA:9,(anonymous_2)
FNDA:1,(anonymous_3)
FNDA:6,(anonymous_4)
FNDA:3,(anonymous_5)
FNDA:1,(anonymous_6)
DA:3,1
DA:10,9
DA:11,10
DA:12,10
DA:16,9
DA:20,1
DA:24,6
DA:25,6
DA:26,4
DA:30,3
DA:31,3
DA:32,4
DA:33,4
DA:36,3
DA:40,1
DA:41,1
DA:42,1
DA:48,1
LF:18
LH:18
BRDA:10,0,0,7
BRDA:25,1,0,2
BRDA:25,1,1,4
BRDA:32,2,0,4
BRDA:32,2,1,0
BRDA:41,3,0,1
BRDA:41,3,1,0
BRF:7
BRH:5
end_of_record
