{"/home/kali/pulsechat-app/services/api/src/app.js": {"path":"/home/kali/pulsechat-app/services/api/src/app.js","statementMap":{"0":{"start":{"line":3,"column":16},"end":{"line":3,"column":34}},"1":{"start":{"line":4,"column":15},"end":{"line":4,"column":34}},"2":{"start":{"line":5,"column":12},"end":{"line":5,"column":35}},"3":{"start":{"line":6,"column":13},"end":{"line":6,"column":28}},"4":{"start":{"line":8,"column":19},"end":{"line":8,"column":78}},"5":{"start":{"line":11,"column":14},"end":{"line":11,"column":23}},"6":{"start":{"line":12,"column":2},"end":{"line":12,"column":26}},"7":{"start":{"line":13,"column":2},"end":{"line":13,"column":76}},"8":{"start":{"line":15,"column":2},"end":{"line":17,"column":5}},"9":{"start":{"line":16,"column":4},"end":{"line":16,"column":57}},"10":{"start":{"line":19,"column":2},"end":{"line":40,"column":5}},"11":{"start":{"line":20,"column":4},"end":{"line":39,"column":5}},"12":{"start":{"line":21,"column":26},"end":{"line":21,"column":72}},"13":{"start":{"line":22,"column":26},"end":{"line":22,"column":72}},"14":{"start":{"line":23,"column":29},"end":{"line":23,"column":78}},"15":{"start":{"line":25,"column":6},"end":{"line":25,"column":44}},"16":{"start":{"line":26,"column":6},"end":{"line":36,"column":8}},"17":{"start":{"line":38,"column":6},"end":{"line":38,"column":54}},"18":{"start":{"line":43,"column":19},"end":{"line":43,"column":44}},"19":{"start":{"line":44,"column":4},"end":{"line":46,"column":5}},"20":{"start":{"line":45,"column":6},"end":{"line":45,"column":62}},"21":{"start":{"line":47,"column":4},"end":{"line":53,"column":5}},"22":{"start":{"line":48,"column":22},"end":{"line":48,"column":66}},"23":{"start":{"line":49,"column":6},"end":{"line":49,"column":25}},"24":{"start":{"line":50,"column":6},"end":{"line":50,"column":13}},"25":{"start":{"line":52,"column":6},"end":{"line":52,"column":62}},"26":{"start":{"line":57,"column":2},"end":{"line":78,"column":5}},"27":{"start":{"line":58,"column":35},"end":{"line":58,"column":43}},"28":{"start":{"line":59,"column":4},"end":{"line":61,"column":5}},"29":{"start":{"line":60,"column":6},"end":{"line":60,"column":89}},"30":{"start":{"line":62,"column":4},"end":{"line":77,"column":5}},"31":{"start":{"line":63,"column":23},"end":{"line":63,"column":95}},"32":{"start":{"line":64,"column":6},"end":{"line":66,"column":7}},"33":{"start":{"line":65,"column":8},"end":{"line":65,"column":65}},"34":{"start":{"line":67,"column":19},"end":{"line":67,"column":50}},"35":{"start":{"line":68,"column":21},"end":{"line":71,"column":7}},"36":{"start":{"line":72,"column":19},"end":{"line":72,"column":33}},"37":{"start":{"line":73,"column":20},"end":{"line":73,"column":104}},"38":{"start":{"line":74,"column":6},"end":{"line":74,"column":44}},"39":{"start":{"line":76,"column":6},"end":{"line":76,"column":61}},"40":{"start":{"line":81,"column":2},"end":{"line":101,"column":5}},"41":{"start":{"line":82,"column":35},"end":{"line":82,"column":43}},"42":{"start":{"line":83,"column":4},"end":{"line":85,"column":5}},"43":{"start":{"line":84,"column":6},"end":{"line":84,"column":79}},"44":{"start":{"line":86,"column":4},"end":{"line":100,"column":5}},"45":{"start":{"line":87,"column":21},"end":{"line":87,"column":92}},"46":{"start":{"line":88,"column":6},"end":{"line":90,"column":7}},"47":{"start":{"line":89,"column":8},"end":{"line":89,"column":70}},"48":{"start":{"line":91,"column":19},"end":{"line":91,"column":33}},"49":{"start":{"line":92,"column":20},"end":{"line":92,"column":70}},"50":{"start":{"line":93,"column":6},"end":{"line":95,"column":7}},"51":{"start":{"line":94,"column":8},"end":{"line":94,"column":70}},"52":{"start":{"line":96,"column":20},"end":{"line":96,"column":104}},"53":{"start":{"line":97,"column":6},"end":{"line":97,"column":74}},"54":{"start":{"line":99,"column":6},"end":{"line":99,"column":54}},"55":{"start":{"line":104,"column":2},"end":{"line":111,"column":5}},"56":{"start":{"line":105,"column":4},"end":{"line":110,"column":5}},"57":{"start":{"line":106,"column":21},"end":{"line":106,"column":99}},"58":{"start":{"line":107,"column":6},"end":{"line":107,"column":28}},"59":{"start":{"line":109,"column":6},"end":{"line":109,"column":63}},"60":{"start":{"line":114,"column":2},"end":{"line":131,"column":5}},"61":{"start":{"line":115,"column":21},"end":{"line":115,"column":29}},"62":{"start":{"line":116,"column":4},"end":{"line":118,"column":5}},"63":{"start":{"line":117,"column":6},"end":{"line":117,"column":78}},"64":{"start":{"line":119,"column":4},"end":{"line":130,"column":5}},"65":{"start":{"line":120,"column":21},"end":{"line":123,"column":7}},"66":{"start":{"line":124,"column":6},"end":{"line":124,"column":43}},"67":{"start":{"line":126,"column":6},"end":{"line":128,"column":7}},"68":{"start":{"line":127,"column":8},"end":{"line":127,"column":70}},"69":{"start":{"line":129,"column":6},"end":{"line":129,"column":63}},"70":{"start":{"line":134,"column":2},"end":{"line":146,"column":5}},"71":{"start":{"line":135,"column":19},"end":{"line":135,"column":46}},"72":{"start":{"line":136,"column":18},"end":{"line":136,"column":68}},"73":{"start":{"line":137,"column":4},"end":{"line":145,"column":5}},"74":{"start":{"line":138,"column":21},"end":{"line":141,"column":7}},"75":{"start":{"line":142,"column":6},"end":{"line":142,"column":38}},"76":{"start":{"line":144,"column":6},"end":{"line":144,"column":66}},"77":{"start":{"line":149,"column":2},"end":{"line":164,"column":5}},"78":{"start":{"line":150,"column":19},"end":{"line":150,"column":46}},"79":{"start":{"line":151,"column":24},"end":{"line":151,"column":32}},"80":{"start":{"line":152,"column":4},"end":{"line":154,"column":5}},"81":{"start":{"line":153,"column":6},"end":{"line":153,"column":65}},"82":{"start":{"line":155,"column":4},"end":{"line":163,"column":5}},"83":{"start":{"line":156,"column":21},"end":{"line":159,"column":7}},"84":{"start":{"line":160,"column":6},"end":{"line":160,"column":43}},"85":{"start":{"line":162,"column":6},"end":{"line":162,"column":64}},"86":{"start":{"line":166,"column":2},"end":{"line":166,"column":13}},"87":{"start":{"line":169,"column":0},"end":{"line":169,"column":43}}},"fnMap":{"0":{"name":"createApp","decl":{"start":{"line":10,"column":9},"end":{"line":10,"column":18}},"loc":{"start":{"line":10,"column":25},"end":{"line":167,"column":1}},"line":10},"1":{"name":"(anonymous_1)","decl":{"start":{"line":15,"column":21},"end":{"line":15,"column":22}},"loc":{"start":{"line":15,"column":35},"end":{"line":17,"column":3}},"line":15},"2":{"name":"(anonymous_2)","decl":{"start":{"line":19,"column":22},"end":{"line":19,"column":23}},"loc":{"start":{"line":19,"column":42},"end":{"line":40,"column":3}},"line":19},"3":{"name":"authMiddleware","decl":{"start":{"line":42,"column":11},"end":{"line":42,"column":25}},"loc":{"start":{"line":42,"column":42},"end":{"line":54,"column":3}},"line":42},"4":{"name":"(anonymous_4)","decl":{"start":{"line":57,"column":33},"end":{"line":57,"column":34}},"loc":{"start":{"line":57,"column":53},"end":{"line":78,"column":3}},"line":57},"5":{"name":"(anonymous_5)","decl":{"start":{"line":81,"column":30},"end":{"line":81,"column":31}},"loc":{"start":{"line":81,"column":50},"end":{"line":101,"column":3}},"line":81},"6":{"name":"(anonymous_6)","decl":{"start":{"line":104,"column":24},"end":{"line":104,"column":25}},"loc":{"start":{"line":104,"column":44},"end":{"line":111,"column":3}},"line":104},"7":{"name":"(anonymous_7)","decl":{"start":{"line":114,"column":41},"end":{"line":114,"column":42}},"loc":{"start":{"line":114,"column":61},"end":{"line":131,"column":3}},"line":114},"8":{"name":"(anonymous_8)","decl":{"start":{"line":134,"column":37},"end":{"line":134,"column":38}},"loc":{"start":{"line":134,"column":57},"end":{"line":146,"column":3}},"line":134},"9":{"name":"(anonymous_9)","decl":{"start":{"line":149,"column":54},"end":{"line":149,"column":55}},"loc":{"start":{"line":149,"column":74},"end":{"line":164,"column":3}},"line":149}},"branchMap":{"0":{"loc":{"start":{"line":8,"column":19},"end":{"line":8,"column":78}},"type":"binary-expr","locations":[{"start":{"line":8,"column":19},"end":{"line":8,"column":41}},{"start":{"line":8,"column":45},"end":{"line":8,"column":78}}],"line":8},"1":{"loc":{"start":{"line":44,"column":4},"end":{"line":46,"column":5}},"type":"if","locations":[{"start":{"line":44,"column":4},"end":{"line":46,"column":5}},{"start":{},"end":{}}],"line":44},"2":{"loc":{"start":{"line":44,"column":8},"end":{"line":44,"column":48}},"type":"binary-expr","locations":[{"start":{"line":44,"column":8},"end":{"line":44,"column":15}},{"start":{"line":44,"column":19},"end":{"line":44,"column":48}}],"line":44},"3":{"loc":{"start":{"line":59,"column":4},"end":{"line":61,"column":5}},"type":"if","locations":[{"start":{"line":59,"column":4},"end":{"line":61,"column":5}},{"start":{},"end":{}}],"line":59},"4":{"loc":{"start":{"line":59,"column":8},"end":{"line":59,"column":76}},"type":"binary-expr","locations":[{"start":{"line":59,"column":8},"end":{"line":59,"column":17}},{"start":{"line":59,"column":21},"end":{"line":59,"column":30}},{"start":{"line":59,"column":34},"end":{"line":59,"column":53}},{"start":{"line":59,"column":57},"end":{"line":59,"column":76}}],"line":59},"5":{"loc":{"start":{"line":64,"column":6},"end":{"line":66,"column":7}},"type":"if","locations":[{"start":{"line":64,"column":6},"end":{"line":66,"column":7}},{"start":{},"end":{}}],"line":64},"6":{"loc":{"start":{"line":83,"column":4},"end":{"line":85,"column":5}},"type":"if","locations":[{"start":{"line":83,"column":4},"end":{"line":85,"column":5}},{"start":{},"end":{}}],"line":83},"7":{"loc":{"start":{"line":83,"column":8},"end":{"line":83,"column":30}},"type":"binary-expr","locations":[{"start":{"line":83,"column":8},"end":{"line":83,"column":17}},{"start":{"line":83,"column":21},"end":{"line":83,"column":30}}],"line":83},"8":{"loc":{"start":{"line":88,"column":6},"end":{"line":90,"column":7}},"type":"if","locations":[{"start":{"line":88,"column":6},"end":{"line":90,"column":7}},{"start":{},"end":{}}],"line":88},"9":{"loc":{"start":{"line":93,"column":6},"end":{"line":95,"column":7}},"type":"if","locations":[{"start":{"line":93,"column":6},"end":{"line":95,"column":7}},{"start":{},"end":{}}],"line":93},"10":{"loc":{"start":{"line":116,"column":4},"end":{"line":118,"column":5}},"type":"if","locations":[{"start":{"line":116,"column":4},"end":{"line":118,"column":5}},{"start":{},"end":{}}],"line":116},"11":{"loc":{"start":{"line":116,"column":8},"end":{"line":116,"column":39}},"type":"binary-expr","locations":[{"start":{"line":116,"column":8},"end":{"line":116,"column":13}},{"start":{"line":116,"column":17},"end":{"line":116,"column":39}}],"line":116},"12":{"loc":{"start":{"line":126,"column":6},"end":{"line":128,"column":7}},"type":"if","locations":[{"start":{"line":126,"column":6},"end":{"line":128,"column":7}},{"start":{},"end":{}}],"line":126},"13":{"loc":{"start":{"line":136,"column":27},"end":{"line":136,"column":62}},"type":"binary-expr","locations":[{"start":{"line":136,"column":27},"end":{"line":136,"column":56}},{"start":{"line":136,"column":60},"end":{"line":136,"column":62}}],"line":136},"14":{"loc":{"start":{"line":152,"column":4},"end":{"line":154,"column":5}},"type":"if","locations":[{"start":{"line":152,"column":4},"end":{"line":154,"column":5}},{"start":{},"end":{}}],"line":152},"15":{"loc":{"start":{"line":152,"column":8},"end":{"line":152,"column":47}},"type":"binary-expr","locations":[{"start":{"line":152,"column":8},"end":{"line":152,"column":16}},{"start":{"line":152,"column":20},"end":{"line":152,"column":47}}],"line":152}},"s":{"0":1,"1":1,"2":1,"3":1,"4":1,"5":13,"6":13,"7":13,"8":13,"9":1,"10":13,"11":1,"12":1,"13":1,"14":1,"15":1,"16":1,"17":0,"18":4,"19":4,"20":2,"21":2,"22":2,"23":2,"24":2,"25":0,"26":13,"27":3,"28":3,"29":1,"30":2,"31":2,"32":2,"33":1,"34":1,"35":1,"36":1,"37":1,"38":1,"39":0,"40":13,"41":2,"42":2,"43":1,"44":1,"45":1,"46":1,"47":1,"48":0,"49":0,"50":0,"51":0,"52":0,"53":0,"54":0,"55":13,"56":1,"57":1,"58":1,"59":0,"60":13,"61":1,"62":1,"63":0,"64":1,"65":1,"66":1,"67":0,"68":0,"69":0,"70":13,"71":1,"72":1,"73":1,"74":1,"75":1,"76":0,"77":13,"78":1,"79":1,"80":1,"81":0,"82":1,"83":1,"84":1,"85":0,"86":13,"87":1},"f":{"0":13,"1":1,"2":1,"3":4,"4":3,"5":2,"6":1,"7":1,"8":1,"9":1},"b":{"0":[1,1],"1":[2,2],"2":[4,2],"3":[1,2],"4":[3,3,3,2],"5":[1,1],"6":[1,1],"7":[2,2],"8":[1,0],"9":[0,0],"10":[0,1],"11":[1,1],"12":[0,0],"13":[1,1],"14":[0,1],"15":[1,1]},"_coverageSchema":"1a1c01bbd47fc00a2c39e90264f33305004495a9","hash":"6e85540ba25c32c9d9e146194792ab7492a804b9"}
}
