TN:
SF:src/app.js
FN:10,createApp
FN:15,(anonymous_1)
FN:19,(anonymous_2)
FN:42,authMiddleware
FN:57,(anonymous_4)
FN:81,(anonymous_5)
FN:104,(anonymous_6)
FN:114,(anonymous_7)
FN:134,(anonymous_8)
FN:149,(anonymous_9)
FNF:10
FNH:10
FNDA:13,createApp
FNDA:1,(anonymous_1)
FNDA:1,(anonymous_2)
FNDA:4,authMiddleware
FNDA:3,(anonymous_4)
FNDA:2,(anonymous_5)
FNDA:1,(anonymous_6)
FNDA:1,(anonymous_7)
FNDA:1,(anonymous_8)
FNDA:1,(anonymous_9)
DA:3,1
DA:4,1
DA:5,1
DA:6,1
DA:8,1
DA:11,13
DA:12,13
DA:13,13
DA:15,13
DA:16,1
DA:19,13
DA:20,1
DA:21,1
DA:22,1
DA:23,1
DA:25,1
DA:26,1
DA:38,0
DA:43,4
DA:44,4
DA:45,2
DA:47,2
DA:48,2
DA:49,2
DA:50,2
DA:52,0
DA:57,13
DA:58,3
DA:59,3
DA:60,1
DA:62,2
DA:63,2
DA:64,2
DA:65,1
DA:67,1
DA:68,1
DA:72,1
DA:73,1
DA:74,1
DA:76,0
DA:81,13
DA:82,2
DA:83,2
DA:84,1
DA:86,1
DA:87,1
DA:88,1
DA:89,1
DA:91,0
DA:92,0
DA:93,0
DA:94,0
DA:96,0
DA:97,0
DA:99,0
DA:104,13
DA:105,1
DA:106,1
DA:107,1
DA:109,0
DA:114,13
DA:115,1
DA:116,1
DA:117,0
DA:119,1
DA:120,1
DA:124,1
DA:126,0
DA:127,0
DA:129,0
DA:134,13
DA:135,1
DA:136,1
DA:137,1
DA:138,1
DA:142,1
DA:144,0
DA:149,13
DA:150,1
DA:151,1
DA:152,1
DA:153,0
DA:155,1
DA:156,1
DA:160,1
DA:162,0
DA:166,13
DA:169,1
LF:88
LH:70
BRDA:8,0,0,1
BRDA:8,0,1,1
BRDA:44,1,0,2
BRDA:44,1,1,2
BRDA:44,2,0,4
BRDA:44,2,1,2
BRDA:59,3,0,1
BRDA:59,3,1,2
BRDA:59,4,0,3
BRDA:59,4,1,3
BRDA:59,4,2,3
BRDA:59,4,3,2
BRDA:64,5,0,1
BRDA:64,5,1,1
BRDA:83,6,0,1
BRDA:83,6,1,1
BRDA:83,7,0,2
BRDA:83,7,1,2
BRDA:88,8,0,1
BRDA:88,8,1,0
BRDA:93,9,0,0
BRDA:93,9,1,0
BRDA:116,10,0,0
BRDA:116,10,1,1
BRDA:116,11,0,1
BRDA:116,11,1,1
BRDA:126,12,0,0
BRDA:126,12,1,0
BRDA:136,13,0,1
BRDA:136,13,1,1
BRDA:152,14,0,0
BRDA:152,14,1,1
BRDA:152,15,0,1
BRDA:152,15,1,1
BRF:34
BRH:27
end_of_record
