<?xml version="1.0" encoding="UTF-8"?>
<coverage generated="1782826890171" clover="3.2.0">
  <project timestamp="1782826890171" name="All files">
    <metrics statements="28" coveredstatements="28" conditionals="20" coveredconditionals="16" methods="7" coveredmethods="7" elements="55" coveredelements="51" complexity="0" loc="28" ncloc="28" packages="1" files="2" classes="2"/>
    <file name="app.js" path="/home/kali/pulsechat-app/services/ws-gateway/src/app.js">
      <metrics statements="10" coveredstatements="10" conditionals="0" coveredconditionals="0" methods="3" coveredmethods="3"/>
      <line num="3" count="1" type="stmt"/>
      <line num="6" count="2" type="stmt"/>
      <line num="8" count="2" type="stmt"/>
      <line num="9" count="1" type="stmt"/>
      <line num="12" count="2" type="stmt"/>
      <line num="13" count="1" type="stmt"/>
      <line num="14" count="1" type="stmt"/>
      <line num="15" count="1" type="stmt"/>
      <line num="25" count="2" type="stmt"/>
      <line num="28" count="1" type="stmt"/>
    </file>
    <file name="logic.js" path="/home/kali/pulsechat-app/services/ws-gateway/src/logic.js">
      <metrics statements="18" coveredstatements="18" conditionals="20" coveredconditionals="16" methods="4" coveredmethods="4"/>
      <line num="3" count="1" type="stmt"/>
      <line num="5" count="1" type="cond" truecount="2" falsecount="0"/>
      <line num="12" count="3" type="stmt"/>
      <line num="13" count="3" type="stmt"/>
      <line num="15" count="2" type="stmt"/>
      <line num="25" count="6" type="stmt"/>
      <line num="26" count="6" type="stmt"/>
      <line num="28" count="1" type="stmt"/>
      <line num="30" count="5" type="cond" truecount="2" falsecount="0"/>
      <line num="31" count="1" type="stmt"/>
      <line num="33" count="4" type="cond" truecount="4" falsecount="0"/>
      <line num="34" count="1" type="stmt"/>
      <line num="36" count="3" type="cond" truecount="5" falsecount="0"/>
      <line num="37" count="1" type="stmt"/>
      <line num="39" count="2" type="stmt"/>
      <line num="50" count="1" type="stmt"/>
      <line num="57" count="1" type="stmt"/>
      <line num="68" count="1" type="stmt"/>
    </file>
  </project>
</coverage>
