TN:
SF:src/app.js
FN:5,createApp
FN:8,(anonymous_1)
FN:12,(anonymous_2)
FNF:3
FNH:3
FNDA:2,createApp
FNDA:1,(anonymous_1)
FNDA:1,(anonymous_2)
DA:3,1
DA:6,2
DA:8,2
DA:9,1
DA:12,2
DA:13,1
DA:14,1
DA:15,1
DA:25,2
DA:28,1
LF:10
LH:10
BRF:0
BRH:0
end_of_record
TN:
SF:src/logic.js
FN:11,verifyToken
FN:23,parseIncoming
FN:49,roomChannel
FN:56,buildBroadcast
FNF:4
FNH:4
FNDA:3,verifyToken
FNDA:6,parseIncoming
FNDA:1,roomChannel
FNDA:1,buildBroadcast
DA:3,1
DA:5,1
DA:12,3
DA:13,3
DA:15,2
DA:25,6
DA:26,6
DA:28,1
DA:30,5
DA:31,1
DA:33,4
DA:34,1
DA:36,3
DA:37,1
DA:39,2
DA:50,1
DA:57,1
DA:68,1
LF:18
LH:18
BRDA:5,0,0,1
BRDA:5,0,1,1
BRDA:30,1,0,1
BRDA:30,1,1,4
BRDA:33,2,0,1
BRDA:33,2,1,3
BRDA:33,3,0,4
BRDA:33,3,1,3
BRDA:36,4,0,1
BRDA:36,4,1,2
BRDA:36,5,0,3
BRDA:36,5,1,3
BRDA:36,5,2,3
BRDA:60,6,0,1
BRDA:60,6,1,0
BRDA:61,7,0,1
BRDA:61,7,1,0
BRDA:64,8,0,1
BRDA:64,8,1,0
BRDA:64,8,2,0
BRF:20
BRH:16
end_of_record
